Student/Flutter code -v.1.0.3/build/app/intermediates/manifest_merge_blame_file/debug/manifest-merger-blame-debug-report.txt
1<?xml version="1.0" encoding="utf-8"?>
2<manifest xmlns:android="http://schemas.android.com/apk/res/android"
3    package="com.wrteam.eschool"
4    android:versionCode="3"
5    android:versionName="1.0.2" >
6
7    <uses-sdk
8        android:minSdkVersion="21"
9        android:targetSdkVersion="31" />
10    <!--
11         Flutter needs it to communicate with the running application
12         to allow setting breakpoints, to provide hot reload, etc.
13    -->
14    <uses-permission android:name="android.permission.INTERNET" />
14-->src\main\AndroidManifest.xml:4:5-66
14-->src\main\AndroidManifest.xml:4:22-64
15    <uses-permission android:name="android.permission.READ_EXTERNAL_STORAGE" />
15-->src\main\AndroidManifest.xml:5:5-79
15-->src\main\AndroidManifest.xml:5:22-77
16    <uses-permission android:name="android.permission.WRITE_EXTERNAL_STORAGE" />
16-->src\main\AndroidManifest.xml:6:5-80
16-->src\main\AndroidManifest.xml:6:22-78
17    <uses-permission android:name="android.permission.WAKE_LOCK" />
17-->[:firebase_messaging] AndroidManifest.xml:10:5-68
17-->[:firebase_messaging] AndroidManifest.xml:10:22-65
18    <uses-permission android:name="android.permission.ACCESS_NETWORK_STATE" />
18-->[:firebase_messaging] AndroidManifest.xml:11:5-79
18-->[:firebase_messaging] AndroidManifest.xml:11:22-76
19
20    <queries>
20-->[:file_picker] AndroidManifest.xml:11:5-17:15
21        <intent>
21-->[:file_picker] AndroidManifest.xml:12:9-16:18
22            <action android:name="android.intent.action.GET_CONTENT" />
22-->[:file_picker] AndroidManifest.xml:13:13-72
22-->[:file_picker] AndroidManifest.xml:13:21-69
23
24            <data android:mimeType="*/*" />
24-->[:file_picker] AndroidManifest.xml:15:13-44
24-->[:file_picker] AndroidManifest.xml:15:19-41
25        </intent>
26        <intent>
26-->[:flutter_inappwebview] AndroidManifest.xml:10:9-12:18
27            <action android:name="android.support.customtabs.action.CustomTabsService" />
27-->[:flutter_inappwebview] AndroidManifest.xml:11:13-90
27-->[:flutter_inappwebview] AndroidManifest.xml:11:21-87
28        </intent>
29    </queries>
30
31    <uses-permission android:name="android.permission.BROADCAST_CLOSE_SYSTEM_DIALOGS" />
31-->[:awesome_notifications] AndroidManifest.xml:9:5-89
31-->[:awesome_notifications] AndroidManifest.xml:9:22-86
32    <uses-permission android:name="android.permission.RECEIVE_BOOT_COMPLETED" />
32-->[:awesome_notifications] AndroidManifest.xml:10:5-81
32-->[:awesome_notifications] AndroidManifest.xml:10:22-78
33    <uses-permission android:name="android.permission.VIBRATE" />
33-->[:awesome_notifications] AndroidManifest.xml:11:5-66
33-->[:awesome_notifications] AndroidManifest.xml:11:22-63
34    <uses-permission android:name="android.permission.POST_NOTIFICATIONS" /> <!-- Required by older versions of Google Play services to create IID tokens -->
34-->[com.google.firebase:firebase-messaging:23.1.0] AndroidManifest.xml:25:5-77
34-->[com.google.firebase:firebase-messaging:23.1.0] AndroidManifest.xml:25:22-74
35    <uses-permission android:name="com.google.android.c2dm.permission.RECEIVE" />
35-->[com.google.firebase:firebase-messaging:23.1.0] AndroidManifest.xml:28:5-82
35-->[com.google.firebase:firebase-messaging:23.1.0] AndroidManifest.xml:28:22-79
36    <uses-permission android:name="com.google.android.gms.permission.AD_ID" />
36-->[com.google.android.gms:play-services-measurement-api:21.2.0] AndroidManifest.xml:25:5-79
36-->[com.google.android.gms:play-services-measurement-api:21.2.0] AndroidManifest.xml:25:22-76
37    <uses-permission android:name="com.google.android.finsky.permission.BIND_GET_INSTALL_REFERRER_SERVICE" /> <!-- for android -->
37-->[com.google.android.gms:play-services-measurement:21.2.0] AndroidManifest.xml:26:5-110
37-->[com.google.android.gms:play-services-measurement:21.2.0] AndroidManifest.xml:26:22-107
38    <!-- <uses-permission android:name="com.android.launcher.permission.READ_SETTINGS"/> -->
39    <!-- <uses-permission android:name="com.android.launcher.permission.WRITE_SETTINGS"/> -->
40    <!-- <uses-permission android:name="com.android.launcher.permission.INSTALL_SHORTCUT" /> -->
41    <!-- <uses-permission android:name="com.android.launcher.permission.UNINSTALL_SHORTCUT" /> -->
42    <!-- for Samsung -->
43    <uses-permission android:name="com.sec.android.provider.badge.permission.READ" />
43-->[me.leolin:ShortcutBadger:1.1.22] AndroidManifest.xml:19:5-86
43-->[me.leolin:ShortcutBadger:1.1.22] AndroidManifest.xml:19:22-83
44    <uses-permission android:name="com.sec.android.provider.badge.permission.WRITE" /> <!-- for htc -->
44-->[me.leolin:ShortcutBadger:1.1.22] AndroidManifest.xml:20:5-87
44-->[me.leolin:ShortcutBadger:1.1.22] AndroidManifest.xml:20:22-84
45    <uses-permission android:name="com.htc.launcher.permission.READ_SETTINGS" />
45-->[me.leolin:ShortcutBadger:1.1.22] AndroidManifest.xml:23:5-81
45-->[me.leolin:ShortcutBadger:1.1.22] AndroidManifest.xml:23:22-78
46    <uses-permission android:name="com.htc.launcher.permission.UPDATE_SHORTCUT" /> <!-- for sony -->
46-->[me.leolin:ShortcutBadger:1.1.22] AndroidManifest.xml:24:5-83
46-->[me.leolin:ShortcutBadger:1.1.22] AndroidManifest.xml:24:22-80
47    <uses-permission android:name="com.sonyericsson.home.permission.BROADCAST_BADGE" />
47-->[me.leolin:ShortcutBadger:1.1.22] AndroidManifest.xml:27:5-88
47-->[me.leolin:ShortcutBadger:1.1.22] AndroidManifest.xml:27:22-85
48    <uses-permission android:name="com.sonymobile.home.permission.PROVIDER_INSERT_BADGE" /> <!-- for apex -->
48-->[me.leolin:ShortcutBadger:1.1.22] AndroidManifest.xml:28:5-92
48-->[me.leolin:ShortcutBadger:1.1.22] AndroidManifest.xml:28:22-89
49    <uses-permission android:name="com.anddoes.launcher.permission.UPDATE_COUNT" /> <!-- for solid -->
49-->[me.leolin:ShortcutBadger:1.1.22] AndroidManifest.xml:31:5-84
49-->[me.leolin:ShortcutBadger:1.1.22] AndroidManifest.xml:31:22-81
50    <uses-permission android:name="com.majeur.launcher.permission.UPDATE_BADGE" /> <!-- for huawei -->
50-->[me.leolin:ShortcutBadger:1.1.22] AndroidManifest.xml:34:5-83
50-->[me.leolin:ShortcutBadger:1.1.22] AndroidManifest.xml:34:22-80
51    <uses-permission android:name="com.huawei.android.launcher.permission.CHANGE_BADGE" />
51-->[me.leolin:ShortcutBadger:1.1.22] AndroidManifest.xml:37:5-91
51-->[me.leolin:ShortcutBadger:1.1.22] AndroidManifest.xml:37:22-88
52    <uses-permission android:name="com.huawei.android.launcher.permission.READ_SETTINGS" />
52-->[me.leolin:ShortcutBadger:1.1.22] AndroidManifest.xml:38:5-92
52-->[me.leolin:ShortcutBadger:1.1.22] AndroidManifest.xml:38:22-89
53    <uses-permission android:name="com.huawei.android.launcher.permission.WRITE_SETTINGS" /> <!-- for ZUK -->
53-->[me.leolin:ShortcutBadger:1.1.22] AndroidManifest.xml:39:5-93
53-->[me.leolin:ShortcutBadger:1.1.22] AndroidManifest.xml:39:22-90
54    <uses-permission android:name="android.permission.READ_APP_BADGE" /> <!-- for OPPO -->
54-->[me.leolin:ShortcutBadger:1.1.22] AndroidManifest.xml:42:5-73
54-->[me.leolin:ShortcutBadger:1.1.22] AndroidManifest.xml:42:22-70
55    <uses-permission android:name="com.oppo.launcher.permission.READ_SETTINGS" />
55-->[me.leolin:ShortcutBadger:1.1.22] AndroidManifest.xml:45:5-82
55-->[me.leolin:ShortcutBadger:1.1.22] AndroidManifest.xml:45:22-79
56    <uses-permission android:name="com.oppo.launcher.permission.WRITE_SETTINGS" /> <!-- for EvMe -->
56-->[me.leolin:ShortcutBadger:1.1.22] AndroidManifest.xml:46:5-83
56-->[me.leolin:ShortcutBadger:1.1.22] AndroidManifest.xml:46:22-80
57    <uses-permission android:name="me.everything.badger.permission.BADGE_COUNT_READ" />
57-->[me.leolin:ShortcutBadger:1.1.22] AndroidManifest.xml:49:5-88
57-->[me.leolin:ShortcutBadger:1.1.22] AndroidManifest.xml:49:22-85
58    <uses-permission android:name="me.everything.badger.permission.BADGE_COUNT_WRITE" />
58-->[me.leolin:ShortcutBadger:1.1.22] AndroidManifest.xml:50:5-89
58-->[me.leolin:ShortcutBadger:1.1.22] AndroidManifest.xml:50:22-86
59
60    <application
61        android:name="android.app.Application"
62        android:appComponentFactory="androidx.core.app.CoreComponentFactory"
62-->[androidx.core:core:1.7.0] AndroidManifest.xml:24:18-86
63        android:debuggable="true"
64        android:icon="@mipmap/abcc"
65        android:label="StudyVerse Student"
66        android:networkSecurityConfig="@xml/network_security_config"
67        android:requestLegacyExternalStorage="true"
68        android:usesCleartextTraffic="true" >
69        <activity
70            android:name="com.wrteam.eschool.MainActivity"
71            android:configChanges="orientation|keyboardHidden|keyboard|screenSize|smallestScreenSize|locale|layoutDirection|fontScale|screenLayout|density|uiMode"
72            android:exported="true"
73            android:hardwareAccelerated="true"
74            android:launchMode="singleTop"
75            android:theme="@style/LaunchTheme"
76            android:windowSoftInputMode="adjustResize" >
77
78            <!--
79                 Specifies an Android theme to apply to this Activity as soon as
80                 the Android process has started. This theme is visible to the user
81                 while the Flutter UI initializes. After that, this theme continues
82                 to determine the Window background behind the Flutter UI.
83            -->
84            <meta-data
85                android:name="io.flutter.embedding.android.NormalTheme"
86                android:resource="@style/NormalTheme" />
87
88            <intent-filter>
89                <action android:name="android.intent.action.MAIN" />
90
91                <category android:name="android.intent.category.LAUNCHER" />
92            </intent-filter>
93            <intent-filter>
94                <action android:name="FLUTTER_NOTIFICATION_CLICK" />
95
96                <category android:name="android.intent.category.DEFAULT" />
96-->[:awesome_notifications] AndroidManifest.xml:28:17-76
96-->[:awesome_notifications] AndroidManifest.xml:28:27-73
97            </intent-filter>
98        </activity>
99        <!--
100             Don't delete the meta-data below.
101             This is used by the Flutter tool to generate GeneratedPluginRegistrant.java
102        -->
103        <meta-data
104            android:name="flutterEmbedding"
105            android:value="2" />
106
107        <service
107-->[:firebase_messaging] AndroidManifest.xml:14:9-17:72
108            android:name="io.flutter.plugins.firebase.messaging.FlutterFirebaseMessagingBackgroundService"
108-->[:firebase_messaging] AndroidManifest.xml:15:13-107
109            android:exported="false"
109-->[:firebase_messaging] AndroidManifest.xml:16:13-37
110            android:permission="android.permission.BIND_JOB_SERVICE" />
110-->[:firebase_messaging] AndroidManifest.xml:17:13-69
111        <service
111-->[:firebase_messaging] AndroidManifest.xml:18:9-24:19
112            android:name="io.flutter.plugins.firebase.messaging.FlutterFirebaseMessagingService"
112-->[:firebase_messaging] AndroidManifest.xml:19:13-97
113            android:exported="false" >
113-->[:firebase_messaging] AndroidManifest.xml:20:13-37
114            <intent-filter>
114-->[:firebase_messaging] AndroidManifest.xml:21:13-23:29
115                <action android:name="com.google.firebase.MESSAGING_EVENT" />
115-->[:firebase_messaging] AndroidManifest.xml:22:17-78
115-->[:firebase_messaging] AndroidManifest.xml:22:25-75
116            </intent-filter>
117        </service>
118
119        <receiver
119-->[:firebase_messaging] AndroidManifest.xml:26:9-33:20
120            android:name="io.flutter.plugins.firebase.messaging.FlutterFirebaseMessagingReceiver"
120-->[:firebase_messaging] AndroidManifest.xml:27:13-98
121            android:exported="true"
121-->[:firebase_messaging] AndroidManifest.xml:28:13-36
122            android:permission="com.google.android.c2dm.permission.SEND" >
122-->[:firebase_messaging] AndroidManifest.xml:29:13-73
123            <intent-filter>
123-->[:firebase_messaging] AndroidManifest.xml:30:13-32:29
124                <action android:name="com.google.android.c2dm.intent.RECEIVE" />
124-->[:firebase_messaging] AndroidManifest.xml:31:17-81
124-->[:firebase_messaging] AndroidManifest.xml:31:25-78
125            </intent-filter>
126        </receiver>
127
128        <service
128-->[:firebase_messaging] AndroidManifest.xml:35:9-39:19
129            android:name="com.google.firebase.components.ComponentDiscoveryService"
129-->[:firebase_messaging] AndroidManifest.xml:35:18-89
130            android:directBootAware="true"
130-->[com.google.firebase:firebase-common:20.2.0] AndroidManifest.xml:34:13-43
131            android:exported="false" >
131-->[com.google.firebase:firebase-messaging:23.1.0] AndroidManifest.xml:54:13-37
132            <meta-data
132-->[:firebase_messaging] AndroidManifest.xml:36:13-38:85
133                android:name="com.google.firebase.components:io.flutter.plugins.firebase.messaging.FlutterFirebaseAppRegistrar"
133-->[:firebase_messaging] AndroidManifest.xml:37:17-128
134                android:value="com.google.firebase.components.ComponentRegistrar" />
134-->[:firebase_messaging] AndroidManifest.xml:38:17-82
135            <meta-data
135-->[:firebase_core] AndroidManifest.xml:11:13-13:85
136                android:name="com.google.firebase.components:io.flutter.plugins.firebase.core.FlutterFirebaseCoreRegistrar"
136-->[:firebase_core] AndroidManifest.xml:12:17-124
137                android:value="com.google.firebase.components.ComponentRegistrar" />
137-->[:firebase_core] AndroidManifest.xml:13:17-82
138            <meta-data
138-->[com.google.firebase:firebase-messaging:23.1.0] AndroidManifest.xml:55:13-57:85
139                android:name="com.google.firebase.components:com.google.firebase.messaging.FirebaseMessagingRegistrar"
139-->[com.google.firebase:firebase-messaging:23.1.0] AndroidManifest.xml:56:17-119
140                android:value="com.google.firebase.components.ComponentRegistrar" />
140-->[com.google.firebase:firebase-messaging:23.1.0] AndroidManifest.xml:57:17-82
141            <meta-data
141-->[com.google.firebase:firebase-datatransport:18.1.7] AndroidManifest.xml:27:13-29:85
142                android:name="com.google.firebase.components:com.google.firebase.datatransport.TransportRegistrar"
142-->[com.google.firebase:firebase-datatransport:18.1.7] AndroidManifest.xml:28:17-115
143                android:value="com.google.firebase.components.ComponentRegistrar" />
143-->[com.google.firebase:firebase-datatransport:18.1.7] AndroidManifest.xml:29:17-82
144            <meta-data
144-->[com.google.android.gms:play-services-measurement-api:21.2.0] AndroidManifest.xml:31:13-33:85
145                android:name="com.google.firebase.components:com.google.firebase.analytics.connector.internal.AnalyticsConnectorRegistrar"
145-->[com.google.android.gms:play-services-measurement-api:21.2.0] AndroidManifest.xml:32:17-139
146                android:value="com.google.firebase.components.ComponentRegistrar" />
146-->[com.google.android.gms:play-services-measurement-api:21.2.0] AndroidManifest.xml:33:17-82
147            <meta-data
147-->[com.google.firebase:firebase-installations:17.1.0] AndroidManifest.xml:17:13-19:85
148                android:name="com.google.firebase.components:com.google.firebase.installations.FirebaseInstallationsRegistrar"
148-->[com.google.firebase:firebase-installations:17.1.0] AndroidManifest.xml:18:17-127
149                android:value="com.google.firebase.components.ComponentRegistrar" />
149-->[com.google.firebase:firebase-installations:17.1.0] AndroidManifest.xml:19:17-82
150        </service>
151
152        <provider
152-->[:firebase_messaging] AndroidManifest.xml:41:9-45:38
153            android:name="io.flutter.plugins.firebase.messaging.FlutterFirebaseMessagingInitProvider"
153-->[:firebase_messaging] AndroidManifest.xml:42:13-102
154            android:authorities="com.wrteam.eschool.flutterfirebasemessaginginitprovider"
154-->[:firebase_messaging] AndroidManifest.xml:43:13-88
155            android:exported="false"
155-->[:firebase_messaging] AndroidManifest.xml:44:13-37
156            android:initOrder="99" />
156-->[:firebase_messaging] AndroidManifest.xml:45:13-35
157
158        <receiver
158-->[:awesome_notifications] AndroidManifest.xml:14:9-16:40
159            android:name="me.carda.awesome_notifications.awesome_notifications_core.broadcasters.receivers.DismissedNotificationReceiver"
159-->[:awesome_notifications] AndroidManifest.xml:15:13-138
160            android:exported="false" />
160-->[:awesome_notifications] AndroidManifest.xml:16:13-37
161        <receiver
161-->[:awesome_notifications] AndroidManifest.xml:17:9-19:39
162            android:name="me.carda.awesome_notifications.awesome_notifications_core.broadcasters.receivers.ScheduledNotificationReceiver"
162-->[:awesome_notifications] AndroidManifest.xml:18:13-138
163            android:exported="true" />
163-->[:awesome_notifications] AndroidManifest.xml:19:13-36
164        <receiver
164-->[:awesome_notifications] AndroidManifest.xml:20:9-22:40
165            android:name="me.carda.awesome_notifications.awesome_notifications_core.broadcasters.receivers.NotificationActionReceiver"
165-->[:awesome_notifications] AndroidManifest.xml:21:13-135
166            android:exported="false" />
166-->[:awesome_notifications] AndroidManifest.xml:22:13-37
167        <receiver
167-->[:awesome_notifications] AndroidManifest.xml:23:9-37:20
168            android:name="me.carda.awesome_notifications.awesome_notifications_core.broadcasters.receivers.RefreshSchedulesReceiver"
168-->[:awesome_notifications] AndroidManifest.xml:24:13-133
169            android:enabled="true"
169-->[:awesome_notifications] AndroidManifest.xml:25:13-35
170            android:exported="true" >
170-->[:awesome_notifications] AndroidManifest.xml:26:13-36
171            <intent-filter>
171-->[:awesome_notifications] AndroidManifest.xml:27:13-36:29
172                <category android:name="android.intent.category.DEFAULT" />
172-->[:awesome_notifications] AndroidManifest.xml:28:17-76
172-->[:awesome_notifications] AndroidManifest.xml:28:27-73
173
174                <action android:name="android.intent.action.BOOT_COMPLETED" />
174-->[:awesome_notifications] AndroidManifest.xml:30:17-79
174-->[:awesome_notifications] AndroidManifest.xml:30:25-76
175                <action android:name="android.intent.action.LOCKED_BOOT_COMPLETED" />
175-->[:awesome_notifications] AndroidManifest.xml:31:17-86
175-->[:awesome_notifications] AndroidManifest.xml:31:25-83
176                <action android:name="android.intent.action.MY_PACKAGE_REPLACED" />
176-->[:awesome_notifications] AndroidManifest.xml:32:17-84
176-->[:awesome_notifications] AndroidManifest.xml:32:25-81
177                <action android:name="android.intent.action.QUICKBOOT_POWERON" />
177-->[:awesome_notifications] AndroidManifest.xml:33:17-82
177-->[:awesome_notifications] AndroidManifest.xml:33:25-79
178                <action android:name="com.htc.intent.action.QUICKBOOT_POWERON" />
178-->[:awesome_notifications] AndroidManifest.xml:34:17-82
178-->[:awesome_notifications] AndroidManifest.xml:34:25-79
179                <action android:name="android.app.action.SCHEDULE_EXACT_ALARM_PERMISSION_STATE_CHANGED" />
179-->[:awesome_notifications] AndroidManifest.xml:35:17-107
179-->[:awesome_notifications] AndroidManifest.xml:35:25-104
180            </intent-filter>
181        </receiver>
182
183        <service
183-->[:awesome_notifications] AndroidManifest.xml:39:9-42:72
184            android:name="me.carda.awesome_notifications.awesome_notifications_core.services.BackgroundService"
184-->[:awesome_notifications] AndroidManifest.xml:40:13-112
185            android:exported="false"
185-->[:awesome_notifications] AndroidManifest.xml:41:13-37
186            android:permission="android.permission.BIND_JOB_SERVICE" />
186-->[:awesome_notifications] AndroidManifest.xml:42:13-69
187
188        <activity
188-->[:url_launcher_android] AndroidManifest.xml:10:9-13:74
189            android:name="io.flutter.plugins.urllauncher.WebViewActivity"
189-->[:url_launcher_android] AndroidManifest.xml:11:13-74
190            android:exported="false"
190-->[:url_launcher_android] AndroidManifest.xml:12:13-37
191            android:theme="@android:style/Theme.NoTitleBar.Fullscreen" />
191-->[:url_launcher_android] AndroidManifest.xml:13:13-71
192        <activity
192-->[:flutter_inappwebview] AndroidManifest.xml:16:9-20:47
193            android:name="com.pichillilorenzo.flutter_inappwebview.in_app_browser.InAppBrowserActivity"
193-->[:flutter_inappwebview] AndroidManifest.xml:17:13-104
194            android:configChanges="orientation|keyboardHidden|keyboard|screenSize|locale|layoutDirection|fontScale|screenLayout|density"
194-->[:flutter_inappwebview] AndroidManifest.xml:18:13-137
195            android:exported="true"
195-->[:flutter_inappwebview] AndroidManifest.xml:19:13-36
196            android:theme="@style/AppTheme" />
196-->[:flutter_inappwebview] AndroidManifest.xml:20:13-44
197        <activity
197-->[:flutter_inappwebview] AndroidManifest.xml:21:9-24:55
198            android:name="com.pichillilorenzo.flutter_inappwebview.chrome_custom_tabs.ChromeCustomTabsActivity"
198-->[:flutter_inappwebview] AndroidManifest.xml:22:13-112
199            android:exported="true"
199-->[:flutter_inappwebview] AndroidManifest.xml:23:13-36
200            android:theme="@style/ThemeTransparent" />
200-->[:flutter_inappwebview] AndroidManifest.xml:24:13-52
201        <activity
201-->[:flutter_inappwebview] AndroidManifest.xml:25:9-28:55
202            android:name="com.pichillilorenzo.flutter_inappwebview.chrome_custom_tabs.TrustedWebActivity"
202-->[:flutter_inappwebview] AndroidManifest.xml:26:13-106
203            android:exported="true"
203-->[:flutter_inappwebview] AndroidManifest.xml:27:13-36
204            android:theme="@style/ThemeTransparent" />
204-->[:flutter_inappwebview] AndroidManifest.xml:28:13-52
205        <activity
205-->[:flutter_inappwebview] AndroidManifest.xml:29:9-33:55
206            android:name="com.pichillilorenzo.flutter_inappwebview.chrome_custom_tabs.ChromeCustomTabsActivitySingleInstance"
206-->[:flutter_inappwebview] AndroidManifest.xml:30:13-126
207            android:exported="true"
207-->[:flutter_inappwebview] AndroidManifest.xml:31:13-36
208            android:launchMode="singleInstance"
208-->[:flutter_inappwebview] AndroidManifest.xml:32:13-48
209            android:theme="@style/ThemeTransparent" />
209-->[:flutter_inappwebview] AndroidManifest.xml:33:13-52
210        <activity
210-->[:flutter_inappwebview] AndroidManifest.xml:34:9-38:55
211            android:name="com.pichillilorenzo.flutter_inappwebview.chrome_custom_tabs.TrustedWebActivitySingleInstance"
211-->[:flutter_inappwebview] AndroidManifest.xml:35:13-120
212            android:exported="true"
212-->[:flutter_inappwebview] AndroidManifest.xml:36:13-36
213            android:launchMode="singleInstance"
213-->[:flutter_inappwebview] AndroidManifest.xml:37:13-48
214            android:theme="@style/ThemeTransparent" />
214-->[:flutter_inappwebview] AndroidManifest.xml:38:13-52
215
216        <receiver
216-->[:flutter_inappwebview] AndroidManifest.xml:40:9-43:40
217            android:name="com.pichillilorenzo.flutter_inappwebview.chrome_custom_tabs.ActionBroadcastReceiver"
217-->[:flutter_inappwebview] AndroidManifest.xml:41:13-111
218            android:enabled="true"
218-->[:flutter_inappwebview] AndroidManifest.xml:42:13-35
219            android:exported="false" />
219-->[:flutter_inappwebview] AndroidManifest.xml:43:13-37
220
221        <meta-data
221-->[:flutter_inappwebview] AndroidManifest.xml:45:9-47:36
222            android:name="io.flutter.embedded_views_preview"
222-->[:flutter_inappwebview] AndroidManifest.xml:46:13-61
223            android:value="true" />
223-->[:flutter_inappwebview] AndroidManifest.xml:47:13-33
224
225        <provider
225-->[:better_open_file] AndroidManifest.xml:13:9-22:20
226            android:name="com.crazecoder.openfile.FileProvider"
226-->[:better_open_file] AndroidManifest.xml:14:13-64
227            android:authorities="com.wrteam.eschool.fileProvider.com.crazecoder.openfile"
227-->[:better_open_file] AndroidManifest.xml:15:13-88
228            android:exported="false"
228-->[:better_open_file] AndroidManifest.xml:16:13-37
229            android:grantUriPermissions="true" >
229-->[:better_open_file] AndroidManifest.xml:17:13-47
230            <meta-data
230-->[:better_open_file] AndroidManifest.xml:19:13-21:53
231                android:name="android.support.FILE_PROVIDER_PATHS"
231-->[:better_open_file] AndroidManifest.xml:20:17-67
232                android:resource="@xml/filepaths" />
232-->[:better_open_file] AndroidManifest.xml:21:17-50
233        </provider>
234
235        <uses-library
235-->[androidx.window:window:1.0.0-beta04] AndroidManifest.xml:25:9-27:40
236            android:name="androidx.window.extensions"
236-->[androidx.window:window:1.0.0-beta04] AndroidManifest.xml:26:13-54
237            android:required="false" />
237-->[androidx.window:window:1.0.0-beta04] AndroidManifest.xml:27:13-37
238        <uses-library
238-->[androidx.window:window:1.0.0-beta04] AndroidManifest.xml:28:9-30:40
239            android:name="androidx.window.sidecar"
239-->[androidx.window:window:1.0.0-beta04] AndroidManifest.xml:29:13-51
240            android:required="false" />
240-->[androidx.window:window:1.0.0-beta04] AndroidManifest.xml:30:13-37
241
242        <receiver
242-->[com.google.firebase:firebase-messaging:23.1.0] AndroidManifest.xml:31:9-38:20
243            android:name="com.google.firebase.iid.FirebaseInstanceIdReceiver"
243-->[com.google.firebase:firebase-messaging:23.1.0] AndroidManifest.xml:32:13-78
244            android:exported="true"
244-->[com.google.firebase:firebase-messaging:23.1.0] AndroidManifest.xml:33:13-36
245            android:permission="com.google.android.c2dm.permission.SEND" >
245-->[com.google.firebase:firebase-messaging:23.1.0] AndroidManifest.xml:34:13-73
246            <intent-filter>
246-->[:firebase_messaging] AndroidManifest.xml:30:13-32:29
247                <action android:name="com.google.android.c2dm.intent.RECEIVE" />
247-->[:firebase_messaging] AndroidManifest.xml:31:17-81
247-->[:firebase_messaging] AndroidManifest.xml:31:25-78
248            </intent-filter>
249        </receiver>
250        <!--
251             FirebaseMessagingService performs security checks at runtime,
252             but set to not exported to explicitly avoid allowing another app to call it.
253        -->
254        <service
254-->[com.google.firebase:firebase-messaging:23.1.0] AndroidManifest.xml:44:9-51:19
255            android:name="com.google.firebase.messaging.FirebaseMessagingService"
255-->[com.google.firebase:firebase-messaging:23.1.0] AndroidManifest.xml:45:13-82
256            android:directBootAware="true"
256-->[com.google.firebase:firebase-messaging:23.1.0] AndroidManifest.xml:46:13-43
257            android:exported="false" >
257-->[com.google.firebase:firebase-messaging:23.1.0] AndroidManifest.xml:47:13-37
258            <intent-filter android:priority="-500" >
258-->[:firebase_messaging] AndroidManifest.xml:21:13-23:29
259                <action android:name="com.google.firebase.MESSAGING_EVENT" />
259-->[:firebase_messaging] AndroidManifest.xml:22:17-78
259-->[:firebase_messaging] AndroidManifest.xml:22:25-75
260            </intent-filter>
261        </service>
262        <service
262-->[com.google.android.datatransport:transport-backend-cct:3.1.8] AndroidManifest.xml:28:9-34:19
263            android:name="com.google.android.datatransport.runtime.backends.TransportBackendDiscovery"
263-->[com.google.android.datatransport:transport-backend-cct:3.1.8] AndroidManifest.xml:29:13-103
264            android:exported="false" >
264-->[com.google.android.datatransport:transport-backend-cct:3.1.8] AndroidManifest.xml:30:13-37
265            <meta-data
265-->[com.google.android.datatransport:transport-backend-cct:3.1.8] AndroidManifest.xml:31:13-33:39
266                android:name="backend:com.google.android.datatransport.cct.CctBackendFactory"
266-->[com.google.android.datatransport:transport-backend-cct:3.1.8] AndroidManifest.xml:32:17-94
267                android:value="cct" />
267-->[com.google.android.datatransport:transport-backend-cct:3.1.8] AndroidManifest.xml:33:17-36
268        </service>
269        <service
269-->[com.google.android.datatransport:transport-runtime:3.1.8] AndroidManifest.xml:26:9-30:19
270            android:name="com.google.android.datatransport.runtime.scheduling.jobscheduling.JobInfoSchedulerService"
270-->[com.google.android.datatransport:transport-runtime:3.1.8] AndroidManifest.xml:27:13-117
271            android:exported="false"
271-->[com.google.android.datatransport:transport-runtime:3.1.8] AndroidManifest.xml:28:13-37
272            android:permission="android.permission.BIND_JOB_SERVICE" >
272-->[com.google.android.datatransport:transport-runtime:3.1.8] AndroidManifest.xml:29:13-69
273        </service>
274
275        <receiver
275-->[com.google.android.datatransport:transport-runtime:3.1.8] AndroidManifest.xml:32:9-34:40
276            android:name="com.google.android.datatransport.runtime.scheduling.jobscheduling.AlarmManagerSchedulerBroadcastReceiver"
276-->[com.google.android.datatransport:transport-runtime:3.1.8] AndroidManifest.xml:33:13-132
277            android:exported="false" />
277-->[com.google.android.datatransport:transport-runtime:3.1.8] AndroidManifest.xml:34:13-37
278
279        <provider
279-->[com.google.firebase:firebase-common:20.2.0] AndroidManifest.xml:25:9-30:39
280            android:name="com.google.firebase.provider.FirebaseInitProvider"